<?xml version="1.0" encoding="UTF-8"?>
<!-- Generated by org.testng.reporters.JUnitXMLReporter -->
<testsuite ignored="0" hostname="Jp" failures="2" tests="12" name="User" time="8.967" errors="0" timestamp="2023-03-22T17:08:45 PDT">
  <testcase classname="api.test.UserTests" name="testPostUser" time="1.922"/>
  <testcase classname="api.test.UserTests" name="testGetUser" time="0.0">
    <failure type="org.testng.TestNGException" message="
Cannot inject @Test annotated Method [testGetUser] with [class java.lang.String].
For more information on native dependency injection please refer to https://testng.org/doc/documentation-main.html#native-dependency-injection">
      <![CDATA[org.testng.TestNGException: 
Cannot inject @Test annotated Method [testGetUser] with [class java.lang.String].
For more information on native dependency injection please refer to https://testng.org/doc/documentation-main.html#native-dependency-injection
at java.base/java.util.ArrayList.forEach(ArrayList.java:1541)
... Removed 26 stack frames]]>
    </failure>
  </testcase> <!-- testGetUser -->
  <testcase classname="api.test.UserTests" name="testUpdateUser" time="1.057">
    <failure type="java.lang.AssertionError" message="expected [200] but found [404]">
      <![CDATA[java.lang.AssertionError: expected [200] but found [404]
at api.test.UserTests.testUpdateUser(UserTests.java:65)
at java.base/java.util.ArrayList.forEach(ArrayList.java:1541)
... Removed 34 stack frames]]>
    </failure>
  </testcase> <!-- testUpdateUser -->
  <testcase classname="api.test.UserTests_DataDriven" name="testPostUser" time="0.517"/>
  <testcase classname="api.test.UserTests_DataDriven" name="testPostUser" time="0.509"/>
  <testcase classname="api.test.UserTests_DataDriven" name="testPostUser" time="0.698"/>
  <testcase classname="api.test.UserTests_DataDriven" name="testGetUser" time="0.534"/>
  <testcase classname="api.test.UserTests_DataDriven" name="testGetUser" time="0.476"/>
  <testcase classname="api.test.UserTests_DataDriven" name="testGetUser" time="0.478"/>
  <testcase classname="api.test.UserTests_DataDriven" name="testDeleteUser" time="0.503"/>
  <testcase classname="api.test.UserTests_DataDriven" name="testDeleteUser" time="0.527"/>
  <testcase classname="api.test.UserTests_DataDriven" name="testDeleteUser" time="0.511"/>
</testsuite> <!-- User -->
